Exception on / [GET]
Traceback (most recent call last):
  File "/Users/kgorman/venv/lib/python2.7/site-packages/flask/app.py", line 1817, in wsgi_app
    response = self.full_dispatch_request()
  File "/Users/kgorman/venv/lib/python2.7/site-packages/flask/app.py", line 1477, in full_dispatch_request
    rv = self.handle_user_exception(e)
  File "/Users/kgorman/venv/lib/python2.7/site-packages/flask/app.py", line 1381, in handle_user_exception
    reraise(exc_type, exc_value, tb)
  File "/Users/kgorman/venv/lib/python2.7/site-packages/flask/app.py", line 1475, in full_dispatch_request
    rv = self.dispatch_request()
  File "/Users/kgorman/venv/lib/python2.7/site-packages/flask/app.py", line 1461, in dispatch_request
    return self.view_functions[rule.endpoint](**req.view_args)
  File "app.py", line 14, in hello
    return render_template('hello.html')
NameError: global name 'render_template' is not defined
Exception on / [GET]
Traceback (most recent call last):
  File "/Users/kgorman/venv/lib/python2.7/site-packages/flask/app.py", line 1817, in wsgi_app
    response = self.full_dispatch_request()
  File "/Users/kgorman/venv/lib/python2.7/site-packages/flask/app.py", line 1477, in full_dispatch_request
    rv = self.handle_user_exception(e)
  File "/Users/kgorman/venv/lib/python2.7/site-packages/flask/app.py", line 1381, in handle_user_exception
    reraise(exc_type, exc_value, tb)
  File "/Users/kgorman/venv/lib/python2.7/site-packages/flask/app.py", line 1475, in full_dispatch_request
    rv = self.dispatch_request()
  File "/Users/kgorman/venv/lib/python2.7/site-packages/flask/app.py", line 1461, in dispatch_request
    return self.view_functions[rule.endpoint](**req.view_args)
  File "app.py", line 14, in hello
    @app.route("/")
NameError: global name 'render_template' is not defined
Exception on / [GET]
Traceback (most recent call last):
  File "/Users/kgorman/venv/lib/python2.7/site-packages/flask/app.py", line 1817, in wsgi_app
    response = self.full_dispatch_request()
  File "/Users/kgorman/venv/lib/python2.7/site-packages/flask/app.py", line 1477, in full_dispatch_request
    rv = self.handle_user_exception(e)
  File "/Users/kgorman/venv/lib/python2.7/site-packages/flask/app.py", line 1381, in handle_user_exception
    reraise(exc_type, exc_value, tb)
  File "/Users/kgorman/venv/lib/python2.7/site-packages/flask/app.py", line 1475, in full_dispatch_request
    rv = self.dispatch_request()
  File "/Users/kgorman/venv/lib/python2.7/site-packages/flask/app.py", line 1461, in dispatch_request
    return self.view_functions[rule.endpoint](**req.view_args)
  File "app.py", line 16, in hello
    return flask.render_template('hello.html')
NameError: global name 'flask' is not defined
Exception on / [GET]
Traceback (most recent call last):
  File "/Users/kgorman/venv/lib/python2.7/site-packages/flask/app.py", line 1817, in wsgi_app
    response = self.full_dispatch_request()
  File "/Users/kgorman/venv/lib/python2.7/site-packages/flask/app.py", line 1477, in full_dispatch_request
    rv = self.handle_user_exception(e)
  File "/Users/kgorman/venv/lib/python2.7/site-packages/flask/app.py", line 1381, in handle_user_exception
    reraise(exc_type, exc_value, tb)
  File "/Users/kgorman/venv/lib/python2.7/site-packages/flask/app.py", line 1475, in full_dispatch_request
    rv = self.dispatch_request()
  File "/Users/kgorman/venv/lib/python2.7/site-packages/flask/app.py", line 1461, in dispatch_request
    return self.view_functions[rule.endpoint](**req.view_args)
  File "app.py", line 16, in hello
    return render_template('index.html', name=name)
  File "/Users/kgorman/venv/lib/python2.7/site-packages/flask/templating.py", line 127, in render_template
    return _render(ctx.app.jinja_env.get_or_select_template(template_name_or_list),
  File "/Users/kgorman/venv/lib/python2.7/site-packages/jinja2/environment.py", line 851, in get_or_select_template
    return self.get_template(template_name_or_list, parent, globals)
  File "/Users/kgorman/venv/lib/python2.7/site-packages/jinja2/environment.py", line 812, in get_template
    return self._load_template(name, self.make_globals(globals))
  File "/Users/kgorman/venv/lib/python2.7/site-packages/jinja2/environment.py", line 774, in _load_template
    cache_key = self.loader.get_source(self, name)[1]
  File "/Users/kgorman/venv/lib/python2.7/site-packages/flask/templating.py", line 64, in get_source
    raise TemplateNotFound(template)
TemplateNotFound: hello.html
Exception on / [GET]
Traceback (most recent call last):
  File "/Users/kgorman/venv/lib/python2.7/site-packages/flask/app.py", line 1817, in wsgi_app
    response = self.full_dispatch_request()
  File "/Users/kgorman/venv/lib/python2.7/site-packages/flask/app.py", line 1477, in full_dispatch_request
    rv = self.handle_user_exception(e)
  File "/Users/kgorman/venv/lib/python2.7/site-packages/flask/app.py", line 1381, in handle_user_exception
    reraise(exc_type, exc_value, tb)
  File "/Users/kgorman/venv/lib/python2.7/site-packages/flask/app.py", line 1475, in full_dispatch_request
    rv = self.dispatch_request()
  File "/Users/kgorman/venv/lib/python2.7/site-packages/flask/app.py", line 1461, in dispatch_request
    return self.view_functions[rule.endpoint](**req.view_args)
  File "app.py", line 16, in hello
    return render_template('index.html', name=name)
  File "/Users/kgorman/venv/lib/python2.7/site-packages/flask/templating.py", line 127, in render_template
    return _render(ctx.app.jinja_env.get_or_select_template(template_name_or_list),
  File "/Users/kgorman/venv/lib/python2.7/site-packages/jinja2/environment.py", line 851, in get_or_select_template
    return self.get_template(template_name_or_list, parent, globals)
  File "/Users/kgorman/venv/lib/python2.7/site-packages/jinja2/environment.py", line 812, in get_template
    return self._load_template(name, self.make_globals(globals))
  File "/Users/kgorman/venv/lib/python2.7/site-packages/jinja2/environment.py", line 786, in _load_template
    template = self.loader.load(self, name, globals)
  File "/Users/kgorman/venv/lib/python2.7/site-packages/jinja2/loaders.py", line 125, in load
    code = environment.compile(source, name, filename)
  File "/Users/kgorman/venv/lib/python2.7/site-packages/jinja2/environment.py", line 565, in compile
    self.handle_exception(exc_info, source_hint=source_hint)
  File "/Users/kgorman/venv/lib/python2.7/site-packages/jinja2/environment.py", line 754, in handle_exception
    reraise(exc_type, exc_value, tb)
  File "/Users/kgorman/workspace/Github/WMG_speed/app/templates/index.html", line 27, in template
    {% else %}
TemplateSyntaxError: Unexpected end of template. Jinja was looking for the following tags: 'endif'. The innermost block that needs to be closed is 'if'.
Exception on / [GET]
Traceback (most recent call last):
  File "/Users/kgorman/venv/lib/python2.7/site-packages/flask/app.py", line 1817, in wsgi_app
    response = self.full_dispatch_request()
  File "/Users/kgorman/venv/lib/python2.7/site-packages/flask/app.py", line 1477, in full_dispatch_request
    rv = self.handle_user_exception(e)
  File "/Users/kgorman/venv/lib/python2.7/site-packages/flask/app.py", line 1381, in handle_user_exception
    reraise(exc_type, exc_value, tb)
  File "/Users/kgorman/venv/lib/python2.7/site-packages/flask/app.py", line 1475, in full_dispatch_request
    rv = self.dispatch_request()
  File "/Users/kgorman/venv/lib/python2.7/site-packages/flask/app.py", line 1461, in dispatch_request
    return self.view_functions[rule.endpoint](**req.view_args)
  File "app.py", line 22, in hello
    df = get_raw_data()
  File "app.py", line 17, in get_raw_data
    dataframe = pd.read_csv(file_name,header=0,index_col=0)
NameError: global name 'pd' is not defined
Exception on / [GET]
Traceback (most recent call last):
  File "/Users/kgorman/venv/lib/python2.7/site-packages/flask/app.py", line 1817, in wsgi_app
    response = self.full_dispatch_request()
  File "/Users/kgorman/venv/lib/python2.7/site-packages/flask/app.py", line 1477, in full_dispatch_request
    rv = self.handle_user_exception(e)
  File "/Users/kgorman/venv/lib/python2.7/site-packages/flask/app.py", line 1381, in handle_user_exception
    reraise(exc_type, exc_value, tb)
  File "/Users/kgorman/venv/lib/python2.7/site-packages/flask/app.py", line 1475, in full_dispatch_request
    rv = self.dispatch_request()
  File "/Users/kgorman/venv/lib/python2.7/site-packages/flask/app.py", line 1461, in dispatch_request
    return self.view_functions[rule.endpoint](**req.view_args)
  File "app.py", line 22, in hello
    df = get_raw_data()
  File "app.py", line 17, in get_raw_data
    dataframe = pd.read_csv(file_name,header=0,index_col=0)
  File "/Users/kgorman/venv/lib/python2.7/site-packages/pandas/io/parsers.py", line 474, in parser_f
    return _read(filepath_or_buffer, kwds)
  File "/Users/kgorman/venv/lib/python2.7/site-packages/pandas/io/parsers.py", line 250, in _read
    parser = TextFileReader(filepath_or_buffer, **kwds)
  File "/Users/kgorman/venv/lib/python2.7/site-packages/pandas/io/parsers.py", line 566, in __init__
    self._make_engine(self.engine)
  File "/Users/kgorman/venv/lib/python2.7/site-packages/pandas/io/parsers.py", line 705, in _make_engine
    self._engine = CParserWrapper(self.f, **self.options)
  File "/Users/kgorman/venv/lib/python2.7/site-packages/pandas/io/parsers.py", line 1072, in __init__
    self._reader = _parser.TextReader(src, **kwds)
  File "pandas/parser.pyx", line 350, in pandas.parser.TextReader.__cinit__ (pandas/parser.c:3173)
  File "pandas/parser.pyx", line 594, in pandas.parser.TextReader._setup_parser_source (pandas/parser.c:5912)
IOError: File static/files/all_data.csv does not exist
Exception on / [GET]
Traceback (most recent call last):
  File "/Users/kgorman/venv/lib/python2.7/site-packages/flask/app.py", line 1817, in wsgi_app
    response = self.full_dispatch_request()
  File "/Users/kgorman/venv/lib/python2.7/site-packages/flask/app.py", line 1477, in full_dispatch_request
    rv = self.handle_user_exception(e)
  File "/Users/kgorman/venv/lib/python2.7/site-packages/flask/app.py", line 1381, in handle_user_exception
    reraise(exc_type, exc_value, tb)
  File "/Users/kgorman/venv/lib/python2.7/site-packages/flask/app.py", line 1475, in full_dispatch_request
    rv = self.dispatch_request()
  File "/Users/kgorman/venv/lib/python2.7/site-packages/flask/app.py", line 1461, in dispatch_request
    return self.view_functions[rule.endpoint](**req.view_args)
  File "app.py", line 22, in hello
    df = get_raw_data()
  File "app.py", line 17, in get_raw_data
    dataframe = pd.read_csv(file_name,header=0,index_col=0)
  File "/Users/kgorman/venv/lib/python2.7/site-packages/pandas/io/parsers.py", line 474, in parser_f
    return _read(filepath_or_buffer, kwds)
  File "/Users/kgorman/venv/lib/python2.7/site-packages/pandas/io/parsers.py", line 250, in _read
    parser = TextFileReader(filepath_or_buffer, **kwds)
  File "/Users/kgorman/venv/lib/python2.7/site-packages/pandas/io/parsers.py", line 566, in __init__
    self._make_engine(self.engine)
  File "/Users/kgorman/venv/lib/python2.7/site-packages/pandas/io/parsers.py", line 705, in _make_engine
    self._engine = CParserWrapper(self.f, **self.options)
  File "/Users/kgorman/venv/lib/python2.7/site-packages/pandas/io/parsers.py", line 1072, in __init__
    self._reader = _parser.TextReader(src, **kwds)
  File "pandas/parser.pyx", line 350, in pandas.parser.TextReader.__cinit__ (pandas/parser.c:3173)
  File "pandas/parser.pyx", line 594, in pandas.parser.TextReader._setup_parser_source (pandas/parser.c:5912)
IOError: File static/files/all_data.csv does not exist
Exception on / [GET]
Traceback (most recent call last):
  File "/Users/kgorman/venv/lib/python2.7/site-packages/flask/app.py", line 1817, in wsgi_app
    response = self.full_dispatch_request()
  File "/Users/kgorman/venv/lib/python2.7/site-packages/flask/app.py", line 1477, in full_dispatch_request
    rv = self.handle_user_exception(e)
  File "/Users/kgorman/venv/lib/python2.7/site-packages/flask/app.py", line 1381, in handle_user_exception
    reraise(exc_type, exc_value, tb)
  File "/Users/kgorman/venv/lib/python2.7/site-packages/flask/app.py", line 1475, in full_dispatch_request
    rv = self.dispatch_request()
  File "/Users/kgorman/venv/lib/python2.7/site-packages/flask/app.py", line 1461, in dispatch_request
    return self.view_functions[rule.endpoint](**req.view_args)
  File "app.py", line 22, in hello
    df = get_raw_data()
  File "app.py", line 17, in get_raw_data
    dataframe = pd.read_csv(file_name,header=0,index_col=0)
  File "/Users/kgorman/venv/lib/python2.7/site-packages/pandas/io/parsers.py", line 474, in parser_f
    return _read(filepath_or_buffer, kwds)
  File "/Users/kgorman/venv/lib/python2.7/site-packages/pandas/io/parsers.py", line 250, in _read
    parser = TextFileReader(filepath_or_buffer, **kwds)
  File "/Users/kgorman/venv/lib/python2.7/site-packages/pandas/io/parsers.py", line 566, in __init__
    self._make_engine(self.engine)
  File "/Users/kgorman/venv/lib/python2.7/site-packages/pandas/io/parsers.py", line 705, in _make_engine
    self._engine = CParserWrapper(self.f, **self.options)
  File "/Users/kgorman/venv/lib/python2.7/site-packages/pandas/io/parsers.py", line 1072, in __init__
    self._reader = _parser.TextReader(src, **kwds)
  File "pandas/parser.pyx", line 350, in pandas.parser.TextReader.__cinit__ (pandas/parser.c:3173)
  File "pandas/parser.pyx", line 594, in pandas.parser.TextReader._setup_parser_source (pandas/parser.c:5912)
IOError: File static/files/all_data.csv does not exist
Exception on / [GET]
Traceback (most recent call last):
  File "/Users/kgorman/venv/lib/python2.7/site-packages/flask/app.py", line 1817, in wsgi_app
    response = self.full_dispatch_request()
  File "/Users/kgorman/venv/lib/python2.7/site-packages/flask/app.py", line 1477, in full_dispatch_request
    rv = self.handle_user_exception(e)
  File "/Users/kgorman/venv/lib/python2.7/site-packages/flask/app.py", line 1381, in handle_user_exception
    reraise(exc_type, exc_value, tb)
  File "/Users/kgorman/venv/lib/python2.7/site-packages/flask/app.py", line 1475, in full_dispatch_request
    rv = self.dispatch_request()
  File "/Users/kgorman/venv/lib/python2.7/site-packages/flask/app.py", line 1461, in dispatch_request
    return self.view_functions[rule.endpoint](**req.view_args)
  File "app.py", line 22, in hello
    df = get_raw_data()
  File "app.py", line 17, in get_raw_data
    dataframe = pd.read_csv(file_name,header=0,index_col=0)
  File "/Users/kgorman/venv/lib/python2.7/site-packages/pandas/io/parsers.py", line 474, in parser_f
    return _read(filepath_or_buffer, kwds)
  File "/Users/kgorman/venv/lib/python2.7/site-packages/pandas/io/parsers.py", line 250, in _read
    parser = TextFileReader(filepath_or_buffer, **kwds)
  File "/Users/kgorman/venv/lib/python2.7/site-packages/pandas/io/parsers.py", line 566, in __init__
    self._make_engine(self.engine)
  File "/Users/kgorman/venv/lib/python2.7/site-packages/pandas/io/parsers.py", line 705, in _make_engine
    self._engine = CParserWrapper(self.f, **self.options)
  File "/Users/kgorman/venv/lib/python2.7/site-packages/pandas/io/parsers.py", line 1072, in __init__
    self._reader = _parser.TextReader(src, **kwds)
  File "pandas/parser.pyx", line 350, in pandas.parser.TextReader.__cinit__ (pandas/parser.c:3173)
  File "pandas/parser.pyx", line 594, in pandas.parser.TextReader._setup_parser_source (pandas/parser.c:5912)
IOError: File ./static/files/all_data.csv does not exist
Exception on / [GET]
Traceback (most recent call last):
  File "/Users/kgorman/venv/lib/python2.7/site-packages/flask/app.py", line 1817, in wsgi_app
    response = self.full_dispatch_request()
  File "/Users/kgorman/venv/lib/python2.7/site-packages/flask/app.py", line 1477, in full_dispatch_request
    rv = self.handle_user_exception(e)
  File "/Users/kgorman/venv/lib/python2.7/site-packages/flask/app.py", line 1381, in handle_user_exception
    reraise(exc_type, exc_value, tb)
  File "/Users/kgorman/venv/lib/python2.7/site-packages/flask/app.py", line 1475, in full_dispatch_request
    rv = self.dispatch_request()
  File "/Users/kgorman/venv/lib/python2.7/site-packages/flask/app.py", line 1461, in dispatch_request
    return self.view_functions[rule.endpoint](**req.view_args)
  File "app.py", line 29, in hello
    max_speed=get_max_speed(df))
  File "app.py", line 21, in get_max_speed
    return df.values.max('peak_speed')
  File "/Users/kgorman/venv/lib/python2.7/site-packages/numpy/core/_methods.py", line 26, in _amax
    return umr_maximum(a, axis, None, out, keepdims)
TypeError: an integer is required
Exception on / [GET]
Traceback (most recent call last):
  File "/Users/kgorman/venv/lib/python2.7/site-packages/flask/app.py", line 1817, in wsgi_app
    response = self.full_dispatch_request()
  File "/Users/kgorman/venv/lib/python2.7/site-packages/flask/app.py", line 1477, in full_dispatch_request
    rv = self.handle_user_exception(e)
  File "/Users/kgorman/venv/lib/python2.7/site-packages/flask/app.py", line 1381, in handle_user_exception
    reraise(exc_type, exc_value, tb)
  File "/Users/kgorman/venv/lib/python2.7/site-packages/flask/app.py", line 1475, in full_dispatch_request
    rv = self.dispatch_request()
  File "/Users/kgorman/venv/lib/python2.7/site-packages/flask/app.py", line 1461, in dispatch_request
    return self.view_functions[rule.endpoint](**req.view_args)
  File "app.py", line 29, in hello
    max_speed=get_max_speed(df))
  File "app.py", line 21, in get_max_speed
    return df.values.max(7)
  File "/Users/kgorman/venv/lib/python2.7/site-packages/numpy/core/_methods.py", line 26, in _amax
    return umr_maximum(a, axis, None, out, keepdims)
TypeError: an integer is required
Exception on / [GET]
Traceback (most recent call last):
  File "/Users/kgorman/venv/lib/python2.7/site-packages/flask/app.py", line 1817, in wsgi_app
    response = self.full_dispatch_request()
  File "/Users/kgorman/venv/lib/python2.7/site-packages/flask/app.py", line 1477, in full_dispatch_request
    rv = self.handle_user_exception(e)
  File "/Users/kgorman/venv/lib/python2.7/site-packages/flask/app.py", line 1381, in handle_user_exception
    reraise(exc_type, exc_value, tb)
  File "/Users/kgorman/venv/lib/python2.7/site-packages/flask/app.py", line 1475, in full_dispatch_request
    rv = self.dispatch_request()
  File "/Users/kgorman/venv/lib/python2.7/site-packages/flask/app.py", line 1461, in dispatch_request
    return self.view_functions[rule.endpoint](**req.view_args)
  File "app.py", line 29, in hello
    max_speed=get_max_speed(df))
  File "app.py", line 21, in get_max_speed
    return df.values.max(7)
  File "/Users/kgorman/venv/lib/python2.7/site-packages/numpy/core/_methods.py", line 26, in _amax
    return umr_maximum(a, axis, None, out, keepdims)
ValueError: 'axis' entry is out of bounds
Exception on / [GET]
Traceback (most recent call last):
  File "/Users/kgorman/venv/lib/python2.7/site-packages/flask/app.py", line 1817, in wsgi_app
    response = self.full_dispatch_request()
  File "/Users/kgorman/venv/lib/python2.7/site-packages/flask/app.py", line 1477, in full_dispatch_request
    rv = self.handle_user_exception(e)
  File "/Users/kgorman/venv/lib/python2.7/site-packages/flask/app.py", line 1381, in handle_user_exception
    reraise(exc_type, exc_value, tb)
  File "/Users/kgorman/venv/lib/python2.7/site-packages/flask/app.py", line 1475, in full_dispatch_request
    rv = self.dispatch_request()
  File "/Users/kgorman/venv/lib/python2.7/site-packages/flask/app.py", line 1461, in dispatch_request
    return self.view_functions[rule.endpoint](**req.view_args)
  File "app.py", line 29, in hello
    max_speed=get_max_speed(df))
  File "app.py", line 21, in get_max_speed
    return df.values.max(4)
  File "/Users/kgorman/venv/lib/python2.7/site-packages/numpy/core/_methods.py", line 26, in _amax
    return umr_maximum(a, axis, None, out, keepdims)
ValueError: 'axis' entry is out of bounds
Exception on / [GET]
Traceback (most recent call last):
  File "/Users/kgorman/venv/lib/python2.7/site-packages/flask/app.py", line 1817, in wsgi_app
    response = self.full_dispatch_request()
  File "/Users/kgorman/venv/lib/python2.7/site-packages/flask/app.py", line 1477, in full_dispatch_request
    rv = self.handle_user_exception(e)
  File "/Users/kgorman/venv/lib/python2.7/site-packages/flask/app.py", line 1381, in handle_user_exception
    reraise(exc_type, exc_value, tb)
  File "/Users/kgorman/venv/lib/python2.7/site-packages/flask/app.py", line 1475, in full_dispatch_request
    rv = self.dispatch_request()
  File "/Users/kgorman/venv/lib/python2.7/site-packages/flask/app.py", line 1461, in dispatch_request
    return self.view_functions[rule.endpoint](**req.view_args)
  File "app.py", line 41, in hello
    avg_speed=get_avg_speed(df))
NameError: global name 'get_avg_speed' is not defined
Exception on / [GET]
Traceback (most recent call last):
  File "/Users/kgorman/venv/lib/python2.7/site-packages/flask/app.py", line 1817, in wsgi_app
    response = self.full_dispatch_request()
  File "/Users/kgorman/venv/lib/python2.7/site-packages/flask/app.py", line 1477, in full_dispatch_request
    rv = self.handle_user_exception(e)
  File "/Users/kgorman/venv/lib/python2.7/site-packages/flask/app.py", line 1381, in handle_user_exception
    reraise(exc_type, exc_value, tb)
  File "/Users/kgorman/venv/lib/python2.7/site-packages/flask/app.py", line 1475, in full_dispatch_request
    rv = self.dispatch_request()
  File "/Users/kgorman/venv/lib/python2.7/site-packages/flask/app.py", line 1461, in dispatch_request
    return self.view_functions[rule.endpoint](**req.view_args)
  File "app.py", line 41, in hello
    avg_speed=get_avg_speed(df))
  File "app.py", line 30, in get_avg_speed
    return avg(df['peak_speed'])
NameError: global name 'avg' is not defined
Exception on / [GET]
Traceback (most recent call last):
  File "/Users/kgorman/venv/lib/python2.7/site-packages/flask/app.py", line 1817, in wsgi_app
    response = self.full_dispatch_request()
  File "/Users/kgorman/venv/lib/python2.7/site-packages/flask/app.py", line 1477, in full_dispatch_request
    rv = self.handle_user_exception(e)
  File "/Users/kgorman/venv/lib/python2.7/site-packages/flask/app.py", line 1381, in handle_user_exception
    reraise(exc_type, exc_value, tb)
  File "/Users/kgorman/venv/lib/python2.7/site-packages/flask/app.py", line 1475, in full_dispatch_request
    rv = self.dispatch_request()
  File "/Users/kgorman/venv/lib/python2.7/site-packages/flask/app.py", line 1461, in dispatch_request
    return self.view_functions[rule.endpoint](**req.view_args)
  File "app.py", line 41, in hello
    avg_speed=get_avg_speed(df))
  File "app.py", line 30, in get_avg_speed
    return avg(df['peak_speed'])
NameError: global name 'avg' is not defined
Exception on / [GET]
Traceback (most recent call last):
  File "/Users/kgorman/venv/lib/python2.7/site-packages/flask/app.py", line 1817, in wsgi_app
    response = self.full_dispatch_request()
  File "/Users/kgorman/venv/lib/python2.7/site-packages/flask/app.py", line 1477, in full_dispatch_request
    rv = self.handle_user_exception(e)
  File "/Users/kgorman/venv/lib/python2.7/site-packages/flask/app.py", line 1381, in handle_user_exception
    reraise(exc_type, exc_value, tb)
  File "/Users/kgorman/venv/lib/python2.7/site-packages/flask/app.py", line 1475, in full_dispatch_request
    rv = self.dispatch_request()
  File "/Users/kgorman/venv/lib/python2.7/site-packages/flask/app.py", line 1461, in dispatch_request
    return self.view_functions[rule.endpoint](**req.view_args)
  File "app.py", line 41, in hello
    avg_speed=get_avg_speed(df))
  File "app.py", line 30, in get_avg_speed
    return df.mean(df['peak_speed'])
  File "/Users/kgorman/venv/lib/python2.7/site-packages/pandas/core/generic.py", line 4255, in stat_func
    skipna=skipna, numeric_only=numeric_only)
  File "/Users/kgorman/venv/lib/python2.7/site-packages/pandas/core/frame.py", line 4301, in _reduce
    axis = self._get_axis_number(axis)
  File "/Users/kgorman/venv/lib/python2.7/site-packages/pandas/core/generic.py", line 293, in _get_axis_number
    axis = self._AXIS_ALIASES.get(axis, axis)
  File "/Users/kgorman/venv/lib/python2.7/site-packages/pandas/core/generic.py", line 663, in __hash__
    ' hashed'.format(self.__class__.__name__))
TypeError: 'Series' objects are mutable, thus they cannot be hashed
Exception on / [GET]
Traceback (most recent call last):
  File "/Users/kgorman/venv/lib/python2.7/site-packages/flask/app.py", line 1817, in wsgi_app
    response = self.full_dispatch_request()
  File "/Users/kgorman/venv/lib/python2.7/site-packages/flask/app.py", line 1477, in full_dispatch_request
    rv = self.handle_user_exception(e)
  File "/Users/kgorman/venv/lib/python2.7/site-packages/flask/app.py", line 1381, in handle_user_exception
    reraise(exc_type, exc_value, tb)
  File "/Users/kgorman/venv/lib/python2.7/site-packages/flask/app.py", line 1475, in full_dispatch_request
    rv = self.dispatch_request()
  File "/Users/kgorman/venv/lib/python2.7/site-packages/flask/app.py", line 1461, in dispatch_request
    return self.view_functions[rule.endpoint](**req.view_args)
  File "app.py", line 42, in hello
    avg_speed=get_avg_speed(df))
  File "app.py", line 31, in get_avg_speed
    return round(np.mean(df['peak_speed'],2))
  File "/Users/kgorman/venv/lib/python2.7/site-packages/numpy/core/fromnumeric.py", line 2730, in mean
    return mean(axis=axis, dtype=dtype, out=out)
  File "/Users/kgorman/venv/lib/python2.7/site-packages/pandas/core/generic.py", line 4255, in stat_func
    skipna=skipna, numeric_only=numeric_only)
  File "/Users/kgorman/venv/lib/python2.7/site-packages/pandas/core/series.py", line 2080, in _reduce
    self._get_axis_number(axis)
  File "/Users/kgorman/venv/lib/python2.7/site-packages/pandas/core/generic.py", line 303, in _get_axis_number
    .format(axis, type(self)))
ValueError: No axis named 2 for object type <class 'pandas.core.series.Series'>
Exception on / [GET]
Traceback (most recent call last):
  File "/Users/kgorman/venv/lib/python2.7/site-packages/flask/app.py", line 1817, in wsgi_app
    response = self.full_dispatch_request()
  File "/Users/kgorman/venv/lib/python2.7/site-packages/flask/app.py", line 1477, in full_dispatch_request
    rv = self.handle_user_exception(e)
  File "/Users/kgorman/venv/lib/python2.7/site-packages/flask/app.py", line 1381, in handle_user_exception
    reraise(exc_type, exc_value, tb)
  File "/Users/kgorman/venv/lib/python2.7/site-packages/flask/app.py", line 1475, in full_dispatch_request
    rv = self.dispatch_request()
  File "/Users/kgorman/venv/lib/python2.7/site-packages/flask/app.py", line 1461, in dispatch_request
    return self.view_functions[rule.endpoint](**req.view_args)
  File "app.py", line 49, in hello
    timeseries = get_timeseries_by_year(df)
  File "app.py", line 35, in get_timeseries_by_year
    dfts = df.set_index('date')
  File "/Users/kgorman/venv/lib/python2.7/site-packages/pandas/core/frame.py", line 2607, in set_index
    level = frame[col].values
  File "/Users/kgorman/venv/lib/python2.7/site-packages/pandas/core/frame.py", line 1797, in __getitem__
    return self._getitem_column(key)
  File "/Users/kgorman/venv/lib/python2.7/site-packages/pandas/core/frame.py", line 1804, in _getitem_column
    return self._get_item_cache(key)
  File "/Users/kgorman/venv/lib/python2.7/site-packages/pandas/core/generic.py", line 1084, in _get_item_cache
    values = self._data.get(item)
  File "/Users/kgorman/venv/lib/python2.7/site-packages/pandas/core/internals.py", line 2851, in get
    loc = self.items.get_loc(item)
  File "/Users/kgorman/venv/lib/python2.7/site-packages/pandas/core/index.py", line 1572, in get_loc
    return self._engine.get_loc(_values_from_object(key))
  File "pandas/index.pyx", line 134, in pandas.index.IndexEngine.get_loc (pandas/index.c:3824)
  File "pandas/index.pyx", line 154, in pandas.index.IndexEngine.get_loc (pandas/index.c:3704)
  File "pandas/hashtable.pyx", line 686, in pandas.hashtable.PyObjectHashTable.get_item (pandas/hashtable.c:12280)
  File "pandas/hashtable.pyx", line 694, in pandas.hashtable.PyObjectHashTable.get_item (pandas/hashtable.c:12231)
KeyError: 'date'
Exception on / [GET]
Traceback (most recent call last):
  File "/Users/kgorman/venv/lib/python2.7/site-packages/flask/app.py", line 1817, in wsgi_app
    response = self.full_dispatch_request()
  File "/Users/kgorman/venv/lib/python2.7/site-packages/flask/app.py", line 1477, in full_dispatch_request
    rv = self.handle_user_exception(e)
  File "/Users/kgorman/venv/lib/python2.7/site-packages/flask/app.py", line 1381, in handle_user_exception
    reraise(exc_type, exc_value, tb)
  File "/Users/kgorman/venv/lib/python2.7/site-packages/flask/app.py", line 1475, in full_dispatch_request
    rv = self.dispatch_request()
  File "/Users/kgorman/venv/lib/python2.7/site-packages/flask/app.py", line 1461, in dispatch_request
    return self.view_functions[rule.endpoint](**req.view_args)
  File "app.py", line 49, in hello
    timeseries = get_timeseries_by_year(df)
  File "app.py", line 35, in get_timeseries_by_year
    dfts = df.set_index('date')
  File "/Users/kgorman/venv/lib/python2.7/site-packages/pandas/core/frame.py", line 2607, in set_index
    level = frame[col].values
  File "/Users/kgorman/venv/lib/python2.7/site-packages/pandas/core/frame.py", line 1797, in __getitem__
    return self._getitem_column(key)
  File "/Users/kgorman/venv/lib/python2.7/site-packages/pandas/core/frame.py", line 1804, in _getitem_column
    return self._get_item_cache(key)
  File "/Users/kgorman/venv/lib/python2.7/site-packages/pandas/core/generic.py", line 1084, in _get_item_cache
    values = self._data.get(item)
  File "/Users/kgorman/venv/lib/python2.7/site-packages/pandas/core/internals.py", line 2851, in get
    loc = self.items.get_loc(item)
  File "/Users/kgorman/venv/lib/python2.7/site-packages/pandas/core/index.py", line 1572, in get_loc
    return self._engine.get_loc(_values_from_object(key))
  File "pandas/index.pyx", line 134, in pandas.index.IndexEngine.get_loc (pandas/index.c:3824)
  File "pandas/index.pyx", line 154, in pandas.index.IndexEngine.get_loc (pandas/index.c:3704)
  File "pandas/hashtable.pyx", line 686, in pandas.hashtable.PyObjectHashTable.get_item (pandas/hashtable.c:12280)
  File "pandas/hashtable.pyx", line 694, in pandas.hashtable.PyObjectHashTable.get_item (pandas/hashtable.c:12231)
KeyError: 'date'
Exception on / [GET]
Traceback (most recent call last):
  File "/Users/kgorman/venv/lib/python2.7/site-packages/flask/app.py", line 1817, in wsgi_app
    response = self.full_dispatch_request()
  File "/Users/kgorman/venv/lib/python2.7/site-packages/flask/app.py", line 1477, in full_dispatch_request
    rv = self.handle_user_exception(e)
  File "/Users/kgorman/venv/lib/python2.7/site-packages/flask/app.py", line 1381, in handle_user_exception
    reraise(exc_type, exc_value, tb)
  File "/Users/kgorman/venv/lib/python2.7/site-packages/flask/app.py", line 1475, in full_dispatch_request
    rv = self.dispatch_request()
  File "/Users/kgorman/venv/lib/python2.7/site-packages/flask/app.py", line 1461, in dispatch_request
    return self.view_functions[rule.endpoint](**req.view_args)
  File "app.py", line 48, in hello
    timeseries = get_timeseries_by_year(df)
  File "app.py", line 35, in get_timeseries_by_year
    grouped = df.groupby([lambda x: x.year, lambda x: x.time])
  File "/Users/kgorman/venv/lib/python2.7/site-packages/pandas/core/generic.py", line 3159, in groupby
    sort=sort, group_keys=group_keys, squeeze=squeeze)
  File "/Users/kgorman/venv/lib/python2.7/site-packages/pandas/core/groupby.py", line 1199, in groupby
    return klass(obj, by, **kwds)
  File "/Users/kgorman/venv/lib/python2.7/site-packages/pandas/core/groupby.py", line 388, in __init__
    level=level, sort=sort)
  File "/Users/kgorman/venv/lib/python2.7/site-packages/pandas/core/groupby.py", line 2158, in _get_grouper
    level=level, sort=sort, in_axis=in_axis)
  File "/Users/kgorman/venv/lib/python2.7/site-packages/pandas/core/groupby.py", line 1985, in __init__
    self.grouper = self.index.map(self.grouper)
  File "/Users/kgorman/venv/lib/python2.7/site-packages/pandas/core/index.py", line 1811, in map
    return self._arrmap(self.values, mapper)
  File "pandas/src/generated.pyx", line 2295, in pandas.algos.arrmap_object (pandas/algos.c:77984)
  File "app.py", line 35, in <lambda>
    grouped = df.groupby([lambda x: x.year, lambda x: x.time])
AttributeError: 'str' object has no attribute 'year'
Exception on / [GET]
Traceback (most recent call last):
  File "/Users/kgorman/venv/lib/python2.7/site-packages/flask/app.py", line 1817, in wsgi_app
    response = self.full_dispatch_request()
  File "/Users/kgorman/venv/lib/python2.7/site-packages/flask/app.py", line 1477, in full_dispatch_request
    rv = self.handle_user_exception(e)
  File "/Users/kgorman/venv/lib/python2.7/site-packages/flask/app.py", line 1381, in handle_user_exception
    reraise(exc_type, exc_value, tb)
  File "/Users/kgorman/venv/lib/python2.7/site-packages/flask/app.py", line 1475, in full_dispatch_request
    rv = self.dispatch_request()
  File "/Users/kgorman/venv/lib/python2.7/site-packages/flask/app.py", line 1461, in dispatch_request
    return self.view_functions[rule.endpoint](**req.view_args)
  File "app.py", line 41, in hello
    df = get_raw_data()
  File "app.py", line 19, in get_raw_data
    dataframe['date'] = dataframe['date'].astype(date)
  File "/Users/kgorman/venv/lib/python2.7/site-packages/pandas/core/frame.py", line 1797, in __getitem__
    return self._getitem_column(key)
  File "/Users/kgorman/venv/lib/python2.7/site-packages/pandas/core/frame.py", line 1804, in _getitem_column
    return self._get_item_cache(key)
  File "/Users/kgorman/venv/lib/python2.7/site-packages/pandas/core/generic.py", line 1084, in _get_item_cache
    values = self._data.get(item)
  File "/Users/kgorman/venv/lib/python2.7/site-packages/pandas/core/internals.py", line 2851, in get
    loc = self.items.get_loc(item)
  File "/Users/kgorman/venv/lib/python2.7/site-packages/pandas/core/index.py", line 1572, in get_loc
    return self._engine.get_loc(_values_from_object(key))
  File "pandas/index.pyx", line 134, in pandas.index.IndexEngine.get_loc (pandas/index.c:3824)
  File "pandas/index.pyx", line 154, in pandas.index.IndexEngine.get_loc (pandas/index.c:3704)
  File "pandas/hashtable.pyx", line 686, in pandas.hashtable.PyObjectHashTable.get_item (pandas/hashtable.c:12280)
  File "pandas/hashtable.pyx", line 694, in pandas.hashtable.PyObjectHashTable.get_item (pandas/hashtable.c:12231)
KeyError: 'date'
Exception on / [GET]
Traceback (most recent call last):
  File "/Users/kgorman/venv/lib/python2.7/site-packages/flask/app.py", line 1817, in wsgi_app
    response = self.full_dispatch_request()
  File "/Users/kgorman/venv/lib/python2.7/site-packages/flask/app.py", line 1477, in full_dispatch_request
    rv = self.handle_user_exception(e)
  File "/Users/kgorman/venv/lib/python2.7/site-packages/flask/app.py", line 1381, in handle_user_exception
    reraise(exc_type, exc_value, tb)
  File "/Users/kgorman/venv/lib/python2.7/site-packages/flask/app.py", line 1475, in full_dispatch_request
    rv = self.dispatch_request()
  File "/Users/kgorman/venv/lib/python2.7/site-packages/flask/app.py", line 1461, in dispatch_request
    return self.view_functions[rule.endpoint](**req.view_args)
  File "app.py", line 41, in hello
    df = get_raw_data()
  File "app.py", line 19, in get_raw_data
    dataframe[0] = dataframe[0].astype(date)
  File "/Users/kgorman/venv/lib/python2.7/site-packages/pandas/core/frame.py", line 1797, in __getitem__
    return self._getitem_column(key)
  File "/Users/kgorman/venv/lib/python2.7/site-packages/pandas/core/frame.py", line 1804, in _getitem_column
    return self._get_item_cache(key)
  File "/Users/kgorman/venv/lib/python2.7/site-packages/pandas/core/generic.py", line 1084, in _get_item_cache
    values = self._data.get(item)
  File "/Users/kgorman/venv/lib/python2.7/site-packages/pandas/core/internals.py", line 2851, in get
    loc = self.items.get_loc(item)
  File "/Users/kgorman/venv/lib/python2.7/site-packages/pandas/core/index.py", line 1572, in get_loc
    return self._engine.get_loc(_values_from_object(key))
  File "pandas/index.pyx", line 134, in pandas.index.IndexEngine.get_loc (pandas/index.c:3824)
  File "pandas/index.pyx", line 154, in pandas.index.IndexEngine.get_loc (pandas/index.c:3704)
  File "pandas/hashtable.pyx", line 686, in pandas.hashtable.PyObjectHashTable.get_item (pandas/hashtable.c:12280)
  File "pandas/hashtable.pyx", line 694, in pandas.hashtable.PyObjectHashTable.get_item (pandas/hashtable.c:12231)
KeyError: 0
Exception on / [GET]
Traceback (most recent call last):
  File "/Users/kgorman/venv/lib/python2.7/site-packages/flask/app.py", line 1817, in wsgi_app
    response = self.full_dispatch_request()
  File "/Users/kgorman/venv/lib/python2.7/site-packages/flask/app.py", line 1477, in full_dispatch_request
    rv = self.handle_user_exception(e)
  File "/Users/kgorman/venv/lib/python2.7/site-packages/flask/app.py", line 1381, in handle_user_exception
    reraise(exc_type, exc_value, tb)
  File "/Users/kgorman/venv/lib/python2.7/site-packages/flask/app.py", line 1475, in full_dispatch_request
    rv = self.dispatch_request()
  File "/Users/kgorman/venv/lib/python2.7/site-packages/flask/app.py", line 1461, in dispatch_request
    return self.view_functions[rule.endpoint](**req.view_args)
  File "app.py", line 41, in hello
    df = get_raw_data()
  File "app.py", line 19, in get_raw_data
    dataframe['date'] = dataframe['date'].astype(date)
NameError: global name 'date' is not defined
Exception on / [GET]
Traceback (most recent call last):
  File "/Users/kgorman/venv/lib/python2.7/site-packages/flask/app.py", line 1817, in wsgi_app
    response = self.full_dispatch_request()
  File "/Users/kgorman/venv/lib/python2.7/site-packages/flask/app.py", line 1477, in full_dispatch_request
    rv = self.handle_user_exception(e)
  File "/Users/kgorman/venv/lib/python2.7/site-packages/flask/app.py", line 1381, in handle_user_exception
    reraise(exc_type, exc_value, tb)
  File "/Users/kgorman/venv/lib/python2.7/site-packages/flask/app.py", line 1475, in full_dispatch_request
    rv = self.dispatch_request()
  File "/Users/kgorman/venv/lib/python2.7/site-packages/flask/app.py", line 1461, in dispatch_request
    return self.view_functions[rule.endpoint](**req.view_args)
  File "app.py", line 41, in hello
    df = get_raw_data()
  File "app.py", line 19, in get_raw_data
    dataframe['date'] = dataframe['date'].astype(datetime64)
NameError: global name 'datetime64' is not defined
Exception on / [GET]
Traceback (most recent call last):
  File "/Users/kgorman/venv/lib/python2.7/site-packages/flask/app.py", line 1817, in wsgi_app
    response = self.full_dispatch_request()
  File "/Users/kgorman/venv/lib/python2.7/site-packages/flask/app.py", line 1477, in full_dispatch_request
    rv = self.handle_user_exception(e)
  File "/Users/kgorman/venv/lib/python2.7/site-packages/flask/app.py", line 1381, in handle_user_exception
    reraise(exc_type, exc_value, tb)
  File "/Users/kgorman/venv/lib/python2.7/site-packages/flask/app.py", line 1475, in full_dispatch_request
    rv = self.dispatch_request()
  File "/Users/kgorman/venv/lib/python2.7/site-packages/flask/app.py", line 1461, in dispatch_request
    return self.view_functions[rule.endpoint](**req.view_args)
  File "app.py", line 49, in hello
    timeseries = get_timeseries_by_year(df)
  File "app.py", line 36, in get_timeseries_by_year
    grouped = df.groupby([lambda x: x.year, lambda x: x.time])
  File "/Users/kgorman/venv/lib/python2.7/site-packages/pandas/core/generic.py", line 3159, in groupby
    sort=sort, group_keys=group_keys, squeeze=squeeze)
  File "/Users/kgorman/venv/lib/python2.7/site-packages/pandas/core/groupby.py", line 1199, in groupby
    return klass(obj, by, **kwds)
  File "/Users/kgorman/venv/lib/python2.7/site-packages/pandas/core/groupby.py", line 388, in __init__
    level=level, sort=sort)
  File "/Users/kgorman/venv/lib/python2.7/site-packages/pandas/core/groupby.py", line 2158, in _get_grouper
    level=level, sort=sort, in_axis=in_axis)
  File "/Users/kgorman/venv/lib/python2.7/site-packages/pandas/core/groupby.py", line 1985, in __init__
    self.grouper = self.index.map(self.grouper)
  File "/Users/kgorman/venv/lib/python2.7/site-packages/pandas/core/index.py", line 1811, in map
    return self._arrmap(self.values, mapper)
  File "pandas/src/generated.pyx", line 2325, in pandas.algos.arrmap_int64 (pandas/algos.c:78646)
  File "app.py", line 36, in <lambda>
    grouped = df.groupby([lambda x: x.year, lambda x: x.time])
AttributeError: 'int' object has no attribute 'year'
Exception on / [GET]
Traceback (most recent call last):
  File "/Users/kgorman/venv/lib/python2.7/site-packages/flask/app.py", line 1817, in wsgi_app
    response = self.full_dispatch_request()
  File "/Users/kgorman/venv/lib/python2.7/site-packages/flask/app.py", line 1477, in full_dispatch_request
    rv = self.handle_user_exception(e)
  File "/Users/kgorman/venv/lib/python2.7/site-packages/flask/app.py", line 1381, in handle_user_exception
    reraise(exc_type, exc_value, tb)
  File "/Users/kgorman/venv/lib/python2.7/site-packages/flask/app.py", line 1475, in full_dispatch_request
    rv = self.dispatch_request()
  File "/Users/kgorman/venv/lib/python2.7/site-packages/flask/app.py", line 1461, in dispatch_request
    return self.view_functions[rule.endpoint](**req.view_args)
  File "app.py", line 49, in hello
    timeseries = get_raw_data(df)
TypeError: get_raw_data() takes no arguments (1 given)
Exception on / [GET]
Traceback (most recent call last):
  File "/Users/kgorman/venv/lib/python2.7/site-packages/flask/app.py", line 1817, in wsgi_app
    response = self.full_dispatch_request()
  File "/Users/kgorman/venv/lib/python2.7/site-packages/flask/app.py", line 1477, in full_dispatch_request
    rv = self.handle_user_exception(e)
  File "/Users/kgorman/venv/lib/python2.7/site-packages/flask/app.py", line 1381, in handle_user_exception
    reraise(exc_type, exc_value, tb)
  File "/Users/kgorman/venv/lib/python2.7/site-packages/flask/app.py", line 1475, in full_dispatch_request
    rv = self.dispatch_request()
  File "/Users/kgorman/venv/lib/python2.7/site-packages/flask/app.py", line 1461, in dispatch_request
    return self.view_functions[rule.endpoint](**req.view_args)
  File "app.py", line 43, in hello
    df = get_raw_data()
  File "app.py", line 20, in get_raw_data
    dataframe['date'] = dataframe['date'].astype(datetime)
  File "/Users/kgorman/venv/lib/python2.7/site-packages/pandas/core/generic.py", line 2411, in astype
    dtype=dtype, copy=copy, raise_on_error=raise_on_error, **kwargs)
  File "/Users/kgorman/venv/lib/python2.7/site-packages/pandas/core/internals.py", line 2504, in astype
    return self.apply('astype', dtype=dtype, **kwargs)
  File "/Users/kgorman/venv/lib/python2.7/site-packages/pandas/core/internals.py", line 2459, in apply
    applied = getattr(b, f)(**kwargs)
  File "/Users/kgorman/venv/lib/python2.7/site-packages/pandas/core/internals.py", line 373, in astype
    values=values, **kwargs)
  File "/Users/kgorman/venv/lib/python2.7/site-packages/pandas/core/internals.py", line 390, in _astype
    dtype = np.dtype(dtype)
TypeError: data type not understood
Exception on / [GET]
Traceback (most recent call last):
  File "/Users/kgorman/venv/lib/python2.7/site-packages/flask/app.py", line 1817, in wsgi_app
    response = self.full_dispatch_request()
  File "/Users/kgorman/venv/lib/python2.7/site-packages/flask/app.py", line 1477, in full_dispatch_request
    rv = self.handle_user_exception(e)
  File "/Users/kgorman/venv/lib/python2.7/site-packages/flask/app.py", line 1381, in handle_user_exception
    reraise(exc_type, exc_value, tb)
  File "/Users/kgorman/venv/lib/python2.7/site-packages/flask/app.py", line 1475, in full_dispatch_request
    rv = self.dispatch_request()
  File "/Users/kgorman/venv/lib/python2.7/site-packages/flask/app.py", line 1461, in dispatch_request
    return self.view_functions[rule.endpoint](**req.view_args)
  File "app.py", line 50, in hello
    timeseries = get_timeseries_by_year(df)
  File "app.py", line 37, in get_timeseries_by_year
    grouped = df.groupby([lambda x: x.year, lambda x: x.time])
  File "/Users/kgorman/venv/lib/python2.7/site-packages/pandas/core/generic.py", line 3159, in groupby
    sort=sort, group_keys=group_keys, squeeze=squeeze)
  File "/Users/kgorman/venv/lib/python2.7/site-packages/pandas/core/groupby.py", line 1199, in groupby
    return klass(obj, by, **kwds)
  File "/Users/kgorman/venv/lib/python2.7/site-packages/pandas/core/groupby.py", line 388, in __init__
    level=level, sort=sort)
  File "/Users/kgorman/venv/lib/python2.7/site-packages/pandas/core/groupby.py", line 2158, in _get_grouper
    level=level, sort=sort, in_axis=in_axis)
  File "/Users/kgorman/venv/lib/python2.7/site-packages/pandas/core/groupby.py", line 1985, in __init__
    self.grouper = self.index.map(self.grouper)
  File "/Users/kgorman/venv/lib/python2.7/site-packages/pandas/core/index.py", line 1811, in map
    return self._arrmap(self.values, mapper)
  File "pandas/src/generated.pyx", line 2325, in pandas.algos.arrmap_int64 (pandas/algos.c:78646)
  File "app.py", line 37, in <lambda>
    grouped = df.groupby([lambda x: x.year, lambda x: x.time])
AttributeError: 'int' object has no attribute 'year'
Exception on / [GET]
Traceback (most recent call last):
  File "/Users/kgorman/venv/lib/python2.7/site-packages/flask/app.py", line 1817, in wsgi_app
    response = self.full_dispatch_request()
  File "/Users/kgorman/venv/lib/python2.7/site-packages/flask/app.py", line 1477, in full_dispatch_request
    rv = self.handle_user_exception(e)
  File "/Users/kgorman/venv/lib/python2.7/site-packages/flask/app.py", line 1381, in handle_user_exception
    reraise(exc_type, exc_value, tb)
  File "/Users/kgorman/venv/lib/python2.7/site-packages/flask/app.py", line 1475, in full_dispatch_request
    rv = self.dispatch_request()
  File "/Users/kgorman/venv/lib/python2.7/site-packages/flask/app.py", line 1461, in dispatch_request
    return self.view_functions[rule.endpoint](**req.view_args)
  File "app.py", line 42, in hello
    df = get_raw_data()
  File "app.py", line 20, in get_raw_data
    dataframe['date'] = dataframe['date'].astype(datetime.datetime)
  File "/Users/kgorman/venv/lib/python2.7/site-packages/pandas/core/frame.py", line 1797, in __getitem__
    return self._getitem_column(key)
  File "/Users/kgorman/venv/lib/python2.7/site-packages/pandas/core/frame.py", line 1804, in _getitem_column
    return self._get_item_cache(key)
  File "/Users/kgorman/venv/lib/python2.7/site-packages/pandas/core/generic.py", line 1084, in _get_item_cache
    values = self._data.get(item)
  File "/Users/kgorman/venv/lib/python2.7/site-packages/pandas/core/internals.py", line 2851, in get
    loc = self.items.get_loc(item)
  File "/Users/kgorman/venv/lib/python2.7/site-packages/pandas/core/index.py", line 1572, in get_loc
    return self._engine.get_loc(_values_from_object(key))
  File "pandas/index.pyx", line 134, in pandas.index.IndexEngine.get_loc (pandas/index.c:3824)
  File "pandas/index.pyx", line 154, in pandas.index.IndexEngine.get_loc (pandas/index.c:3704)
  File "pandas/hashtable.pyx", line 686, in pandas.hashtable.PyObjectHashTable.get_item (pandas/hashtable.c:12280)
  File "pandas/hashtable.pyx", line 694, in pandas.hashtable.PyObjectHashTable.get_item (pandas/hashtable.c:12231)
KeyError: 'date'
Exception on / [GET]
Traceback (most recent call last):
  File "/Users/kgorman/venv/lib/python2.7/site-packages/flask/app.py", line 1817, in wsgi_app
    response = self.full_dispatch_request()
  File "/Users/kgorman/venv/lib/python2.7/site-packages/flask/app.py", line 1477, in full_dispatch_request
    rv = self.handle_user_exception(e)
  File "/Users/kgorman/venv/lib/python2.7/site-packages/flask/app.py", line 1381, in handle_user_exception
    reraise(exc_type, exc_value, tb)
  File "/Users/kgorman/venv/lib/python2.7/site-packages/flask/app.py", line 1475, in full_dispatch_request
    rv = self.dispatch_request()
  File "/Users/kgorman/venv/lib/python2.7/site-packages/flask/app.py", line 1461, in dispatch_request
    return self.view_functions[rule.endpoint](**req.view_args)
  File "app.py", line 43, in hello
    df = get_raw_data()
  File "app.py", line 20, in get_raw_data
    dataframe['date'] = pd.to_datetime(dataframe['date'])
  File "/Users/kgorman/venv/lib/python2.7/site-packages/pandas/core/frame.py", line 1797, in __getitem__
    return self._getitem_column(key)
  File "/Users/kgorman/venv/lib/python2.7/site-packages/pandas/core/frame.py", line 1804, in _getitem_column
    return self._get_item_cache(key)
  File "/Users/kgorman/venv/lib/python2.7/site-packages/pandas/core/generic.py", line 1084, in _get_item_cache
    values = self._data.get(item)
  File "/Users/kgorman/venv/lib/python2.7/site-packages/pandas/core/internals.py", line 2851, in get
    loc = self.items.get_loc(item)
  File "/Users/kgorman/venv/lib/python2.7/site-packages/pandas/core/index.py", line 1572, in get_loc
    return self._engine.get_loc(_values_from_object(key))
  File "pandas/index.pyx", line 134, in pandas.index.IndexEngine.get_loc (pandas/index.c:3824)
  File "pandas/index.pyx", line 154, in pandas.index.IndexEngine.get_loc (pandas/index.c:3704)
  File "pandas/hashtable.pyx", line 686, in pandas.hashtable.PyObjectHashTable.get_item (pandas/hashtable.c:12280)
  File "pandas/hashtable.pyx", line 694, in pandas.hashtable.PyObjectHashTable.get_item (pandas/hashtable.c:12231)
KeyError: 'date'
Exception on / [GET]
Traceback (most recent call last):
  File "/Users/kgorman/venv/lib/python2.7/site-packages/flask/app.py", line 1817, in wsgi_app
    response = self.full_dispatch_request()
  File "/Users/kgorman/venv/lib/python2.7/site-packages/flask/app.py", line 1477, in full_dispatch_request
    rv = self.handle_user_exception(e)
  File "/Users/kgorman/venv/lib/python2.7/site-packages/flask/app.py", line 1381, in handle_user_exception
    reraise(exc_type, exc_value, tb)
  File "/Users/kgorman/venv/lib/python2.7/site-packages/flask/app.py", line 1475, in full_dispatch_request
    rv = self.dispatch_request()
  File "/Users/kgorman/venv/lib/python2.7/site-packages/flask/app.py", line 1461, in dispatch_request
    return self.view_functions[rule.endpoint](**req.view_args)
  File "app.py", line 51, in hello
    timeseries = get_timeseries_by_year(df)
  File "app.py", line 37, in get_timeseries_by_year
    grouped = df.groupby([lambda x: x.year, lambda x: x.month])
  File "/Users/kgorman/venv/lib/python2.7/site-packages/pandas/core/generic.py", line 3159, in groupby
    sort=sort, group_keys=group_keys, squeeze=squeeze)
  File "/Users/kgorman/venv/lib/python2.7/site-packages/pandas/core/groupby.py", line 1199, in groupby
    return klass(obj, by, **kwds)
  File "/Users/kgorman/venv/lib/python2.7/site-packages/pandas/core/groupby.py", line 388, in __init__
    level=level, sort=sort)
  File "/Users/kgorman/venv/lib/python2.7/site-packages/pandas/core/groupby.py", line 2158, in _get_grouper
    level=level, sort=sort, in_axis=in_axis)
  File "/Users/kgorman/venv/lib/python2.7/site-packages/pandas/core/groupby.py", line 1985, in __init__
    self.grouper = self.index.map(self.grouper)
  File "/Users/kgorman/venv/lib/python2.7/site-packages/pandas/core/index.py", line 1811, in map
    return self._arrmap(self.values, mapper)
  File "pandas/src/generated.pyx", line 2325, in pandas.algos.arrmap_int64 (pandas/algos.c:78646)
  File "app.py", line 37, in <lambda>
    grouped = df.groupby([lambda x: x.year, lambda x: x.month])
AttributeError: 'int' object has no attribute 'year'
Exception on / [GET]
Traceback (most recent call last):
  File "/Users/kgorman/venv/lib/python2.7/site-packages/flask/app.py", line 1817, in wsgi_app
    response = self.full_dispatch_request()
  File "/Users/kgorman/venv/lib/python2.7/site-packages/flask/app.py", line 1477, in full_dispatch_request
    rv = self.handle_user_exception(e)
  File "/Users/kgorman/venv/lib/python2.7/site-packages/flask/app.py", line 1381, in handle_user_exception
    reraise(exc_type, exc_value, tb)
  File "/Users/kgorman/venv/lib/python2.7/site-packages/flask/app.py", line 1475, in full_dispatch_request
    rv = self.dispatch_request()
  File "/Users/kgorman/venv/lib/python2.7/site-packages/flask/app.py", line 1461, in dispatch_request
    return self.view_functions[rule.endpoint](**req.view_args)
  File "app.py", line 44, in hello
    df = get_raw_data()
  File "app.py", line 20, in get_raw_data
    dataframe['date'] = pd.to_datetime(dataframe['date'])
  File "/Users/kgorman/venv/lib/python2.7/site-packages/pandas/core/frame.py", line 1797, in __getitem__
    return self._getitem_column(key)
  File "/Users/kgorman/venv/lib/python2.7/site-packages/pandas/core/frame.py", line 1804, in _getitem_column
    return self._get_item_cache(key)
  File "/Users/kgorman/venv/lib/python2.7/site-packages/pandas/core/generic.py", line 1084, in _get_item_cache
    values = self._data.get(item)
  File "/Users/kgorman/venv/lib/python2.7/site-packages/pandas/core/internals.py", line 2851, in get
    loc = self.items.get_loc(item)
  File "/Users/kgorman/venv/lib/python2.7/site-packages/pandas/core/index.py", line 1572, in get_loc
    return self._engine.get_loc(_values_from_object(key))
  File "pandas/index.pyx", line 134, in pandas.index.IndexEngine.get_loc (pandas/index.c:3824)
  File "pandas/index.pyx", line 154, in pandas.index.IndexEngine.get_loc (pandas/index.c:3704)
  File "pandas/hashtable.pyx", line 686, in pandas.hashtable.PyObjectHashTable.get_item (pandas/hashtable.c:12280)
  File "pandas/hashtable.pyx", line 694, in pandas.hashtable.PyObjectHashTable.get_item (pandas/hashtable.c:12231)
KeyError: 'date'
Exception on / [GET]
Traceback (most recent call last):
  File "/Users/kgorman/venv/lib/python2.7/site-packages/flask/app.py", line 1817, in wsgi_app
    response = self.full_dispatch_request()
  File "/Users/kgorman/venv/lib/python2.7/site-packages/flask/app.py", line 1477, in full_dispatch_request
    rv = self.handle_user_exception(e)
  File "/Users/kgorman/venv/lib/python2.7/site-packages/flask/app.py", line 1381, in handle_user_exception
    reraise(exc_type, exc_value, tb)
  File "/Users/kgorman/venv/lib/python2.7/site-packages/flask/app.py", line 1475, in full_dispatch_request
    rv = self.dispatch_request()
  File "/Users/kgorman/venv/lib/python2.7/site-packages/flask/app.py", line 1461, in dispatch_request
    return self.view_functions[rule.endpoint](**req.view_args)
  File "app.py", line 44, in hello
    df = get_raw_data()
  File "app.py", line 20, in get_raw_data
    dataframe['date'] = pd.to_datetime(dataframe['date'])
  File "/Users/kgorman/venv/lib/python2.7/site-packages/pandas/core/frame.py", line 1797, in __getitem__
    return self._getitem_column(key)
  File "/Users/kgorman/venv/lib/python2.7/site-packages/pandas/core/frame.py", line 1804, in _getitem_column
    return self._get_item_cache(key)
  File "/Users/kgorman/venv/lib/python2.7/site-packages/pandas/core/generic.py", line 1084, in _get_item_cache
    values = self._data.get(item)
  File "/Users/kgorman/venv/lib/python2.7/site-packages/pandas/core/internals.py", line 2851, in get
    loc = self.items.get_loc(item)
  File "/Users/kgorman/venv/lib/python2.7/site-packages/pandas/core/index.py", line 1572, in get_loc
    return self._engine.get_loc(_values_from_object(key))
  File "pandas/index.pyx", line 134, in pandas.index.IndexEngine.get_loc (pandas/index.c:3824)
  File "pandas/index.pyx", line 154, in pandas.index.IndexEngine.get_loc (pandas/index.c:3704)
  File "pandas/hashtable.pyx", line 686, in pandas.hashtable.PyObjectHashTable.get_item (pandas/hashtable.c:12280)
  File "pandas/hashtable.pyx", line 694, in pandas.hashtable.PyObjectHashTable.get_item (pandas/hashtable.c:12231)
KeyError: 'date'
Exception on / [GET]
Traceback (most recent call last):
  File "/Users/kgorman/venv/lib/python2.7/site-packages/flask/app.py", line 1817, in wsgi_app
    response = self.full_dispatch_request()
  File "/Users/kgorman/venv/lib/python2.7/site-packages/flask/app.py", line 1477, in full_dispatch_request
    rv = self.handle_user_exception(e)
  File "/Users/kgorman/venv/lib/python2.7/site-packages/flask/app.py", line 1381, in handle_user_exception
    reraise(exc_type, exc_value, tb)
  File "/Users/kgorman/venv/lib/python2.7/site-packages/flask/app.py", line 1475, in full_dispatch_request
    rv = self.dispatch_request()
  File "/Users/kgorman/venv/lib/python2.7/site-packages/flask/app.py", line 1461, in dispatch_request
    return self.view_functions[rule.endpoint](**req.view_args)
  File "app.py", line 52, in hello
    timeseries = get_timeseries_by_year(df)
  File "app.py", line 37, in get_timeseries_by_year
    new_index_df = df.set_index['date']
TypeError: 'instancemethod' object has no attribute '__getitem__'
Exception on / [GET]
Traceback (most recent call last):
  File "/Users/kgorman/venv/lib/python2.7/site-packages/flask/app.py", line 1817, in wsgi_app
    response = self.full_dispatch_request()
  File "/Users/kgorman/venv/lib/python2.7/site-packages/flask/app.py", line 1477, in full_dispatch_request
    rv = self.handle_user_exception(e)
  File "/Users/kgorman/venv/lib/python2.7/site-packages/flask/app.py", line 1381, in handle_user_exception
    reraise(exc_type, exc_value, tb)
  File "/Users/kgorman/venv/lib/python2.7/site-packages/flask/app.py", line 1475, in full_dispatch_request
    rv = self.dispatch_request()
  File "/Users/kgorman/venv/lib/python2.7/site-packages/flask/app.py", line 1461, in dispatch_request
    return self.view_functions[rule.endpoint](**req.view_args)
  File "app.py", line 52, in hello
    timeseries = get_timeseries_by_year(df)
  File "app.py", line 39, in get_timeseries_by_year
    aggregate = grouped.aggregate(np.avg)
AttributeError: 'module' object has no attribute 'avg'
Exception on / [GET]
Traceback (most recent call last):
  File "/Users/kgorman/venv/lib/python2.7/site-packages/flask/app.py", line 1817, in wsgi_app
    response = self.full_dispatch_request()
  File "/Users/kgorman/venv/lib/python2.7/site-packages/flask/app.py", line 1477, in full_dispatch_request
    rv = self.handle_user_exception(e)
  File "/Users/kgorman/venv/lib/python2.7/site-packages/flask/app.py", line 1381, in handle_user_exception
    reraise(exc_type, exc_value, tb)
  File "/Users/kgorman/venv/lib/python2.7/site-packages/flask/app.py", line 1475, in full_dispatch_request
    rv = self.dispatch_request()
  File "/Users/kgorman/venv/lib/python2.7/site-packages/flask/app.py", line 1461, in dispatch_request
    return self.view_functions[rule.endpoint](**req.view_args)
  File "app.py", line 74, in hello
    speed_graph = get_speed_by_hour(df)
  File "app.py", line 57, in get_speed_by_hour
    speed = grouped.aggregate(np.percentile)['peak_speed']
  File "/Users/kgorman/venv/lib/python2.7/site-packages/pandas/core/groupby.py", line 2697, in aggregate
    result = self._aggregate_generic(arg, *args, **kwargs)
  File "/Users/kgorman/venv/lib/python2.7/site-packages/pandas/core/groupby.py", line 2745, in _aggregate_generic
    return self._aggregate_item_by_item(func, *args, **kwargs)
  File "/Users/kgorman/venv/lib/python2.7/site-packages/pandas/core/groupby.py", line 2789, in _aggregate_item_by_item
    raise errors
TypeError: percentile() takes at least 2 arguments (1 given)
Exception on / [GET]
Traceback (most recent call last):
  File "/Users/kgorman/venv/lib/python2.7/site-packages/flask/app.py", line 1817, in wsgi_app
    response = self.full_dispatch_request()
  File "/Users/kgorman/venv/lib/python2.7/site-packages/flask/app.py", line 1477, in full_dispatch_request
    rv = self.handle_user_exception(e)
  File "/Users/kgorman/venv/lib/python2.7/site-packages/flask/app.py", line 1381, in handle_user_exception
    reraise(exc_type, exc_value, tb)
  File "/Users/kgorman/venv/lib/python2.7/site-packages/flask/app.py", line 1475, in full_dispatch_request
    rv = self.dispatch_request()
  File "/Users/kgorman/venv/lib/python2.7/site-packages/flask/app.py", line 1461, in dispatch_request
    return self.view_functions[rule.endpoint](**req.view_args)
  File "app.py", line 74, in hello
    speed_graph = get_speed_by_hour(df)
  File "app.py", line 57, in get_speed_by_hour
    speed = grouped.aggregate(percentile(95))['peak_speed']
NameError: global name 'percentile' is not defined
Exception on / [GET]
Traceback (most recent call last):
  File "/Users/kgorman/venv/lib/python2.7/site-packages/flask/app.py", line 1817, in wsgi_app
    response = self.full_dispatch_request()
  File "/Users/kgorman/venv/lib/python2.7/site-packages/flask/app.py", line 1477, in full_dispatch_request
    rv = self.handle_user_exception(e)
  File "/Users/kgorman/venv/lib/python2.7/site-packages/flask/app.py", line 1381, in handle_user_exception
    reraise(exc_type, exc_value, tb)
  File "/Users/kgorman/venv/lib/python2.7/site-packages/flask/app.py", line 1475, in full_dispatch_request
    rv = self.dispatch_request()
  File "/Users/kgorman/venv/lib/python2.7/site-packages/flask/app.py", line 1461, in dispatch_request
    return self.view_functions[rule.endpoint](**req.view_args)
  File "app.py", line 74, in hello
    speed_graph = get_speed_by_hour(df)
  File "app.py", line 57, in get_speed_by_hour
    speed = grouped.aggregate(np.percentile(95))['peak_speed']
TypeError: percentile() takes at least 2 arguments (1 given)
Exception on / [GET]
Traceback (most recent call last):
  File "/Users/kgorman/venv/lib/python2.7/site-packages/flask/app.py", line 1817, in wsgi_app
    response = self.full_dispatch_request()
  File "/Users/kgorman/venv/lib/python2.7/site-packages/flask/app.py", line 1477, in full_dispatch_request
    rv = self.handle_user_exception(e)
  File "/Users/kgorman/venv/lib/python2.7/site-packages/flask/app.py", line 1381, in handle_user_exception
    reraise(exc_type, exc_value, tb)
  File "/Users/kgorman/venv/lib/python2.7/site-packages/flask/app.py", line 1475, in full_dispatch_request
    rv = self.dispatch_request()
  File "/Users/kgorman/venv/lib/python2.7/site-packages/flask/app.py", line 1461, in dispatch_request
    return self.view_functions[rule.endpoint](**req.view_args)
  File "app.py", line 78, in hello
    speed_graph = get_speed_by_hour(df)
  File "app.py", line 59, in get_speed_by_hour
    keys = speed.index.get_values()
NameError: global name 'speed' is not defined
Exception on / [GET]
Traceback (most recent call last):
  File "/Users/kgorman/venv/lib/python2.7/site-packages/flask/app.py", line 1817, in wsgi_app
    response = self.full_dispatch_request()
  File "/Users/kgorman/venv/lib/python2.7/site-packages/flask/app.py", line 1477, in full_dispatch_request
    rv = self.handle_user_exception(e)
  File "/Users/kgorman/venv/lib/python2.7/site-packages/flask/app.py", line 1381, in handle_user_exception
    reraise(exc_type, exc_value, tb)
  File "/Users/kgorman/venv/lib/python2.7/site-packages/flask/app.py", line 1475, in full_dispatch_request
    rv = self.dispatch_request()
  File "/Users/kgorman/venv/lib/python2.7/site-packages/flask/app.py", line 1461, in dispatch_request
    return self.view_functions[rule.endpoint](**req.view_args)
  File "app.py", line 94, in dashboard
    violator_count=get_violator_count(df),
  File "/Users/kgorman/venv/lib/python2.7/site-packages/flask/templating.py", line 127, in render_template
    return _render(ctx.app.jinja_env.get_or_select_template(template_name_or_list),
  File "/Users/kgorman/venv/lib/python2.7/site-packages/jinja2/environment.py", line 851, in get_or_select_template
    return self.get_template(template_name_or_list, parent, globals)
  File "/Users/kgorman/venv/lib/python2.7/site-packages/jinja2/environment.py", line 812, in get_template
    return self._load_template(name, self.make_globals(globals))
  File "/Users/kgorman/venv/lib/python2.7/site-packages/jinja2/environment.py", line 786, in _load_template
    template = self.loader.load(self, name, globals)
  File "/Users/kgorman/venv/lib/python2.7/site-packages/jinja2/loaders.py", line 125, in load
    code = environment.compile(source, name, filename)
  File "/Users/kgorman/venv/lib/python2.7/site-packages/jinja2/environment.py", line 565, in compile
    self.handle_exception(exc_info, source_hint=source_hint)
  File "/Users/kgorman/venv/lib/python2.7/site-packages/jinja2/environment.py", line 754, in handle_exception
    reraise(exc_type, exc_value, tb)
  File "/Users/kgorman/workspace/Github/WMG_speed/app/templates/index.html", line 28, in template
    {{ max_speed | integer }}
TemplateAssertionError: no filter named 'integer'
Exception on / [GET]
Traceback (most recent call last):
  File "/Users/kgorman/venv/lib/python2.7/site-packages/flask/app.py", line 1817, in wsgi_app
    response = self.full_dispatch_request()
  File "/Users/kgorman/venv/lib/python2.7/site-packages/flask/app.py", line 1477, in full_dispatch_request
    rv = self.handle_user_exception(e)
  File "/Users/kgorman/venv/lib/python2.7/site-packages/flask/app.py", line 1381, in handle_user_exception
    reraise(exc_type, exc_value, tb)
  File "/Users/kgorman/venv/lib/python2.7/site-packages/flask/app.py", line 1475, in full_dispatch_request
    rv = self.dispatch_request()
  File "/Users/kgorman/venv/lib/python2.7/site-packages/flask/app.py", line 1461, in dispatch_request
    return self.view_functions[rule.endpoint](**req.view_args)
  File "app.py", line 94, in dashboard
    violator_count=get_violator_count(df),
  File "/Users/kgorman/venv/lib/python2.7/site-packages/flask/templating.py", line 127, in render_template
    return _render(ctx.app.jinja_env.get_or_select_template(template_name_or_list),
  File "/Users/kgorman/venv/lib/python2.7/site-packages/jinja2/environment.py", line 851, in get_or_select_template
    return self.get_template(template_name_or_list, parent, globals)
  File "/Users/kgorman/venv/lib/python2.7/site-packages/jinja2/environment.py", line 812, in get_template
    return self._load_template(name, self.make_globals(globals))
  File "/Users/kgorman/venv/lib/python2.7/site-packages/jinja2/environment.py", line 786, in _load_template
    template = self.loader.load(self, name, globals)
  File "/Users/kgorman/venv/lib/python2.7/site-packages/jinja2/loaders.py", line 125, in load
    code = environment.compile(source, name, filename)
  File "/Users/kgorman/venv/lib/python2.7/site-packages/jinja2/environment.py", line 565, in compile
    self.handle_exception(exc_info, source_hint=source_hint)
  File "/Users/kgorman/venv/lib/python2.7/site-packages/jinja2/environment.py", line 754, in handle_exception
    reraise(exc_type, exc_value, tb)
  File "/Users/kgorman/workspace/Github/WMG_speed/app/templates/index.html", line 28, in template
    {{ max_speed | real }}
TemplateAssertionError: no filter named 'real'
Exception on / [GET]
Traceback (most recent call last):
  File "/Users/kgorman/venv/lib/python2.7/site-packages/flask/app.py", line 1817, in wsgi_app
    response = self.full_dispatch_request()
  File "/Users/kgorman/venv/lib/python2.7/site-packages/flask/app.py", line 1477, in full_dispatch_request
    rv = self.handle_user_exception(e)
  File "/Users/kgorman/venv/lib/python2.7/site-packages/flask/app.py", line 1381, in handle_user_exception
    reraise(exc_type, exc_value, tb)
  File "/Users/kgorman/venv/lib/python2.7/site-packages/flask/app.py", line 1475, in full_dispatch_request
    rv = self.dispatch_request()
  File "/Users/kgorman/venv/lib/python2.7/site-packages/flask/app.py", line 1461, in dispatch_request
    return self.view_functions[rule.endpoint](**req.view_args)
  File "app.py", line 94, in dashboard
    violator_count=get_violator_count(df),
  File "/Users/kgorman/venv/lib/python2.7/site-packages/flask/templating.py", line 127, in render_template
    return _render(ctx.app.jinja_env.get_or_select_template(template_name_or_list),
  File "/Users/kgorman/venv/lib/python2.7/site-packages/jinja2/environment.py", line 851, in get_or_select_template
    return self.get_template(template_name_or_list, parent, globals)
  File "/Users/kgorman/venv/lib/python2.7/site-packages/jinja2/environment.py", line 812, in get_template
    return self._load_template(name, self.make_globals(globals))
  File "/Users/kgorman/venv/lib/python2.7/site-packages/jinja2/environment.py", line 786, in _load_template
    template = self.loader.load(self, name, globals)
  File "/Users/kgorman/venv/lib/python2.7/site-packages/jinja2/loaders.py", line 125, in load
    code = environment.compile(source, name, filename)
  File "/Users/kgorman/venv/lib/python2.7/site-packages/jinja2/environment.py", line 565, in compile
    self.handle_exception(exc_info, source_hint=source_hint)
  File "/Users/kgorman/venv/lib/python2.7/site-packages/jinja2/environment.py", line 754, in handle_exception
    reraise(exc_type, exc_value, tb)
  File "/Users/kgorman/workspace/Github/WMG_speed/app/templates/index.html", line 98, in template
    legendTemplate : "<ul class=\"<%=name.toLowerCase()%>-legend\"><% for (var i=0; i<datasets.length; i++){%><li><span style=\"background-color:<%=datasets[i].strokeColor%>\"></span><%if(datasets[i].label){%><%=datasets[i].label%><%}%></li><%}%></ul>"
TemplateSyntaxError: tag name expected
Exception on / [GET]
Traceback (most recent call last):
  File "/Users/kgorman/venv/lib/python2.7/site-packages/flask/app.py", line 1817, in wsgi_app
    response = self.full_dispatch_request()
  File "/Users/kgorman/venv/lib/python2.7/site-packages/flask/app.py", line 1477, in full_dispatch_request
    rv = self.handle_user_exception(e)
  File "/Users/kgorman/venv/lib/python2.7/site-packages/flask/app.py", line 1381, in handle_user_exception
    reraise(exc_type, exc_value, tb)
  File "/Users/kgorman/venv/lib/python2.7/site-packages/flask/app.py", line 1475, in full_dispatch_request
    rv = self.dispatch_request()
  File "/Users/kgorman/venv/lib/python2.7/site-packages/flask/app.py", line 1461, in dispatch_request
    return self.view_functions[rule.endpoint](**req.view_args)
  File "app.py", line 94, in dashboard
    violator_count=get_violator_count(df),
  File "/Users/kgorman/venv/lib/python2.7/site-packages/flask/templating.py", line 127, in render_template
    return _render(ctx.app.jinja_env.get_or_select_template(template_name_or_list),
  File "/Users/kgorman/venv/lib/python2.7/site-packages/jinja2/environment.py", line 851, in get_or_select_template
    return self.get_template(template_name_or_list, parent, globals)
  File "/Users/kgorman/venv/lib/python2.7/site-packages/jinja2/environment.py", line 812, in get_template
    return self._load_template(name, self.make_globals(globals))
  File "/Users/kgorman/venv/lib/python2.7/site-packages/jinja2/environment.py", line 786, in _load_template
    template = self.loader.load(self, name, globals)
  File "/Users/kgorman/venv/lib/python2.7/site-packages/jinja2/loaders.py", line 125, in load
    code = environment.compile(source, name, filename)
  File "/Users/kgorman/venv/lib/python2.7/site-packages/jinja2/environment.py", line 565, in compile
    self.handle_exception(exc_info, source_hint=source_hint)
  File "/Users/kgorman/venv/lib/python2.7/site-packages/jinja2/environment.py", line 754, in handle_exception
    reraise(exc_type, exc_value, tb)
  File "/Users/kgorman/workspace/Github/WMG_speed/app/templates/index.html", line 98, in template
    legendTemplate="<ul class=\"<%=name.toLowerCase()%>-legend\"><% for (var i=0; i<datasets.length; i++){%><li><span style=\"background-color:<%=datasets[i].strokeColor%>\"></span><%if(datasets[i].label){%><%=datasets[i].label%><%}%></li><%}%></ul>"
TemplateSyntaxError: tag name expected
Exception on / [GET]
Traceback (most recent call last):
  File "/Users/kgorman/venv/lib/python2.7/site-packages/flask/app.py", line 1817, in wsgi_app
    response = self.full_dispatch_request()
  File "/Users/kgorman/venv/lib/python2.7/site-packages/flask/app.py", line 1477, in full_dispatch_request
    rv = self.handle_user_exception(e)
  File "/Users/kgorman/venv/lib/python2.7/site-packages/flask/app.py", line 1381, in handle_user_exception
    reraise(exc_type, exc_value, tb)
  File "/Users/kgorman/venv/lib/python2.7/site-packages/flask/app.py", line 1475, in full_dispatch_request
    rv = self.dispatch_request()
  File "/Users/kgorman/venv/lib/python2.7/site-packages/flask/app.py", line 1461, in dispatch_request
    return self.view_functions[rule.endpoint](**req.view_args)
  File "app.py", line 94, in dashboard
    violator_count=get_violator_count(df),
  File "/Users/kgorman/venv/lib/python2.7/site-packages/flask/templating.py", line 127, in render_template
    return _render(ctx.app.jinja_env.get_or_select_template(template_name_or_list),
  File "/Users/kgorman/venv/lib/python2.7/site-packages/jinja2/environment.py", line 851, in get_or_select_template
    return self.get_template(template_name_or_list, parent, globals)
  File "/Users/kgorman/venv/lib/python2.7/site-packages/jinja2/environment.py", line 812, in get_template
    return self._load_template(name, self.make_globals(globals))
  File "/Users/kgorman/venv/lib/python2.7/site-packages/jinja2/environment.py", line 786, in _load_template
    template = self.loader.load(self, name, globals)
  File "/Users/kgorman/venv/lib/python2.7/site-packages/jinja2/loaders.py", line 125, in load
    code = environment.compile(source, name, filename)
  File "/Users/kgorman/venv/lib/python2.7/site-packages/jinja2/environment.py", line 565, in compile
    self.handle_exception(exc_info, source_hint=source_hint)
  File "/Users/kgorman/venv/lib/python2.7/site-packages/jinja2/environment.py", line 754, in handle_exception
    reraise(exc_type, exc_value, tb)
  File "/Users/kgorman/workspace/Github/WMG_speed/app/templates/index.html", line 98, in template
    legendTemplate="<ul class=\'<%=name.toLowerCase()%>-legend\'><% for (var i=0; i<datasets.length; i++){%><li><span style=\'background-color:<%=datasets[i].strokeColor%>\'></span><%if(datasets[i].label){%><%=datasets[i].label%><%}%></li><%}%></ul>"
TemplateSyntaxError: tag name expected
Exception on / [GET]
Traceback (most recent call last):
  File "/Users/kgorman/venv/lib/python2.7/site-packages/flask/app.py", line 1817, in wsgi_app
    response = self.full_dispatch_request()
  File "/Users/kgorman/venv/lib/python2.7/site-packages/flask/app.py", line 1477, in full_dispatch_request
    rv = self.handle_user_exception(e)
  File "/Users/kgorman/venv/lib/python2.7/site-packages/flask/app.py", line 1381, in handle_user_exception
    reraise(exc_type, exc_value, tb)
  File "/Users/kgorman/venv/lib/python2.7/site-packages/flask/app.py", line 1475, in full_dispatch_request
    rv = self.dispatch_request()
  File "/Users/kgorman/venv/lib/python2.7/site-packages/flask/app.py", line 1461, in dispatch_request
    return self.view_functions[rule.endpoint](**req.view_args)
  File "app.py", line 94, in dashboard
    violator_count=get_violator_count(df),
  File "/Users/kgorman/venv/lib/python2.7/site-packages/flask/templating.py", line 127, in render_template
    return _render(ctx.app.jinja_env.get_or_select_template(template_name_or_list),
  File "/Users/kgorman/venv/lib/python2.7/site-packages/jinja2/environment.py", line 851, in get_or_select_template
    return self.get_template(template_name_or_list, parent, globals)
  File "/Users/kgorman/venv/lib/python2.7/site-packages/jinja2/environment.py", line 812, in get_template
    return self._load_template(name, self.make_globals(globals))
  File "/Users/kgorman/venv/lib/python2.7/site-packages/jinja2/environment.py", line 786, in _load_template
    template = self.loader.load(self, name, globals)
  File "/Users/kgorman/venv/lib/python2.7/site-packages/jinja2/loaders.py", line 125, in load
    code = environment.compile(source, name, filename)
  File "/Users/kgorman/venv/lib/python2.7/site-packages/jinja2/environment.py", line 565, in compile
    self.handle_exception(exc_info, source_hint=source_hint)
  File "/Users/kgorman/venv/lib/python2.7/site-packages/jinja2/environment.py", line 754, in handle_exception
    reraise(exc_type, exc_value, tb)
  File "/Users/kgorman/workspace/Github/WMG_speed/app/templates/index.html", line 98, in template
    data-legend-template="<ul class=\'<%=name.toLowerCase()%>-legend\'><% for (var i=0; i<datasets.length; i++){%><li><span style=\'background-color:<%=datasets[i].strokeColor%>\'></span><%if(datasets[i].label){%><%=datasets[i].label%><%}%></li><%}%></ul>"
TemplateSyntaxError: tag name expected
